-------------------------------------------------------------------------------
Test set: br.usjt.hellospringboot.HellospringbootApplicationTests
-------------------------------------------------------------------------------
Tests run: 1, Failures: 0, Errors: 1, Skipped: 0, Time elapsed: 1.639 s <<< FAILURE! - in br.usjt.hellospringboot.HellospringbootApplicationTests
contextLoads(br.usjt.hellospringboot.HellospringbootApplicationTests)  Time elapsed: 0 s  <<< ERROR!
java.lang.IllegalStateException: Failed to load ApplicationContext
Caused by: org.springframework.beans.factory.UnsatisfiedDependencyException: Error creating bean with name 'cidadeResource': Unsatisfied dependency expressed through field 'cidadeRepo'; nested exception is org.springframework.beans.factory.BeanCreationException: Error creating bean with name 'cidadeRepository': Invocation of init method failed; nested exception is java.lang.IllegalArgumentException: JDBC style parameters (?) are not supported for JPA queries.
Caused by: org.springframework.beans.factory.BeanCreationException: Error creating bean with name 'cidadeRepository': Invocation of init method failed; nested exception is java.lang.IllegalArgumentException: JDBC style parameters (?) are not supported for JPA queries.
Caused by: java.lang.IllegalArgumentException: JDBC style parameters (?) are not supported for JPA queries.

