-------------------------------------------------------------------------------
Test set: br.usjt.hellospringboot.CidadeTest
-------------------------------------------------------------------------------
Tests run: 3, Failures: 0, Errors: 3, Skipped: 0, Time elapsed: 11.831 s <<< FAILURE! - in br.usjt.hellospringboot.CidadeTest
findLatAndLongTest(br.usjt.hellospringboot.CidadeTest)  Time elapsed: 0.008 s  <<< ERROR!
java.lang.IllegalStateException: Failed to load ApplicationContext
Caused by: org.springframework.beans.factory.UnsatisfiedDependencyException: Error creating bean with name 'cidadeResource': Unsatisfied dependency expressed through field 'cidadeRepo'; nested exception is org.springframework.beans.factory.BeanCreationException: Error creating bean with name 'cidadeRepository': Invocation of init method failed; nested exception is java.lang.IllegalArgumentException: JDBC style parameters (?) are not supported for JPA queries.
Caused by: org.springframework.beans.factory.BeanCreationException: Error creating bean with name 'cidadeRepository': Invocation of init method failed; nested exception is java.lang.IllegalArgumentException: JDBC style parameters (?) are not supported for JPA queries.
Caused by: java.lang.IllegalArgumentException: JDBC style parameters (?) are not supported for JPA queries.

findNomeIgnoreTest(br.usjt.hellospringboot.CidadeTest)  Time elapsed: 0 s  <<< ERROR!
java.lang.IllegalStateException: Failed to load ApplicationContext
Caused by: org.springframework.beans.factory.UnsatisfiedDependencyException: Error creating bean with name 'cidadeResource': Unsatisfied dependency expressed through field 'cidadeRepo'; nested exception is org.springframework.beans.factory.BeanCreationException: Error creating bean with name 'cidadeRepository': Invocation of init method failed; nested exception is java.lang.IllegalArgumentException: JDBC style parameters (?) are not supported for JPA queries.
Caused by: org.springframework.beans.factory.BeanCreationException: Error creating bean with name 'cidadeRepository': Invocation of init method failed; nested exception is java.lang.IllegalArgumentException: JDBC style parameters (?) are not supported for JPA queries.
Caused by: java.lang.IllegalArgumentException: JDBC style parameters (?) are not supported for JPA queries.

findNomeTest(br.usjt.hellospringboot.CidadeTest)  Time elapsed: 0 s  <<< ERROR!
java.lang.IllegalStateException: Failed to load ApplicationContext
Caused by: org.springframework.beans.factory.UnsatisfiedDependencyException: Error creating bean with name 'cidadeResource': Unsatisfied dependency expressed through field 'cidadeRepo'; nested exception is org.springframework.beans.factory.BeanCreationException: Error creating bean with name 'cidadeRepository': Invocation of init method failed; nested exception is java.lang.IllegalArgumentException: JDBC style parameters (?) are not supported for JPA queries.
Caused by: org.springframework.beans.factory.BeanCreationException: Error creating bean with name 'cidadeRepository': Invocation of init method failed; nested exception is java.lang.IllegalArgumentException: JDBC style parameters (?) are not supported for JPA queries.
Caused by: java.lang.IllegalArgumentException: JDBC style parameters (?) are not supported for JPA queries.

